<?xml version="1.0" encoding="UTF-8"?>
<testng-results ignored="0" total="1" passed="1" failed="0" skipped="0">
  <reporter-output>
  </reporter-output>
  <suite started-at="2026-03-30T11:21:40 IST" name="Default suite" finished-at="2026-03-30T11:21:47 IST" duration-ms="7402">
    <groups>
    </groups>
    <test started-at="2026-03-30T11:21:40 IST" name="Default test" finished-at="2026-03-30T11:21:47 IST" duration-ms="7402">
      <class name="com.clientName.EComProject.Login.SearchBookTest">
        <test-method signature="verifyUserCanSearchBookAndViewResults()[pri:0, instance:com.clientName.EComProject.Login.SearchBookTest@9597028]" started-at="2026-03-30T11:21:40 IST" name="verifyUserCanSearchBookAndViewResults" finished-at="2026-03-30T11:21:47 IST" duration-ms="7297" status="PASS">
          <reporter-output>
          </reporter-output>
        </test-method> <!-- verifyUserCanSearchBookAndViewResults -->
      </class> <!-- com.clientName.EComProject.Login.SearchBookTest -->
    </test> <!-- Default test -->
  </suite> <!-- Default suite -->
</testng-results>
