<?xml version="1.0" encoding="UTF-8"?>
<testng-results ignored="0" total="1" passed="1" failed="0" skipped="0">
  <reporter-output>
  </reporter-output>
  <suite started-at="2026-04-02T15:40:27 IST" name="Default suite" finished-at="2026-04-02T15:40:33 IST" duration-ms="5461">
    <groups>
      <group name="smoke">
        <method signature="SignUp.signUpTest()[pri:0, instance:DemoTest.SignUp@7586beff]" name="signUpTest" class="DemoTest.SignUp"/>
      </group> <!-- smoke -->
    </groups>
    <test started-at="2026-04-02T15:40:27 IST" name="Default test" finished-at="2026-04-02T15:40:33 IST" duration-ms="5461">
      <class name="DemoTest.SignUp">
        <test-method is-config="true" signature="beforeSuite()[pri:0, instance:DemoTest.SignUp@7586beff]" started-at="2026-04-02T15:40:27 IST" name="beforeSuite" finished-at="2026-04-02T15:40:27 IST" duration-ms="20" status="PASS">
          <reporter-output>
          </reporter-output>
        </test-method> <!-- beforeSuite -->
        <test-method is-config="true" signature="beforeClass()[pri:0, instance:DemoTest.SignUp@7586beff]" started-at="2026-04-02T15:40:27 IST" name="beforeClass" finished-at="2026-04-02T15:40:30 IST" duration-ms="3014" status="PASS">
          <reporter-output>
          </reporter-output>
        </test-method> <!-- beforeClass -->
        <test-method signature="signUpTest()[pri:0, instance:DemoTest.SignUp@7586beff]" started-at="2026-04-02T15:40:30 IST" name="signUpTest" finished-at="2026-04-02T15:40:32 IST" duration-ms="2138" status="PASS">
          <reporter-output>
          </reporter-output>
        </test-method> <!-- signUpTest -->
        <test-method is-config="true" signature="afterClass()[pri:0, instance:DemoTest.SignUp@7586beff]" started-at="2026-04-02T15:40:32 IST" name="afterClass" finished-at="2026-04-02T15:40:33 IST" duration-ms="229" status="PASS">
          <reporter-output>
          </reporter-output>
        </test-method> <!-- afterClass -->
        <test-method is-config="true" signature="afterSuite()[pri:0, instance:DemoTest.SignUp@7586beff]" started-at="2026-04-02T15:40:33 IST" name="afterSuite" finished-at="2026-04-02T15:40:33 IST" duration-ms="1" status="PASS">
          <reporter-output>
          </reporter-output>
        </test-method> <!-- afterSuite -->
      </class> <!-- DemoTest.SignUp -->
    </test> <!-- Default test -->
  </suite> <!-- Default suite -->
</testng-results>
