<?xml version="1.0" encoding="UTF-8"?>
<!-- Generated by org.testng.reporters.JUnitReportReporter -->
<testsuite hostname="DESKTOP-NGG3R22" failures="0" tests="1" name="com.clientName.EComProject.SearchModule.VerifyRelevantSerch" time="7.494" errors="0" timestamp="2026-04-07T16:19:08 IST" skipped="0">
  <testcase classname="com.clientName.EComProject.SearchModule.VerifyRelevantSerch" name="onSearchReturnRelevantBook" time="7.494"/>
</testsuite> <!-- com.clientName.EComProject.SearchModule.VerifyRelevantSerch -->
