<?xml version="1.0" encoding="UTF-8"?>
<!-- Generated by org.testng.reporters.JUnitReportReporter -->
<testsuite hostname="DESKTOP-NGG3R22" failures="0" tests="3" name="com.clientName.EComProject.UserModule.LoginTest" time="6.503" errors="0" timestamp="2026-04-07T16:19:08 IST" skipped="0">
  <testcase classname="com.clientName.EComProject.UserModule.LoginTest" name="signUpTest" time="1.773"/>
  <testcase classname="com.clientName.EComProject.UserModule.LoginTest" name="UserLogOut" time="2.672"/>
  <testcase classname="com.clientName.EComProject.UserModule.LoginTest" name="UserLoginWithValidCred" time="2.058"/>
</testsuite> <!-- com.clientName.EComProject.UserModule.LoginTest -->
