<?xml version="1.0" encoding="UTF-8"?>
<!-- Generated by org.testng.reporters.JUnitReportReporter -->
<testsuite hostname="DESKTOP-NGG3R22" failures="0" tests="1" name="com.clientName.EComProject.CartModule.ContinueShoppingNavigationTest" time="3.799" errors="0" timestamp="2026-04-14T12:49:11 IST" skipped="0">
  <testcase classname="com.clientName.EComProject.CartModule.ContinueShoppingNavigationTest" name="NavigateToHomeTest" time="3.799"/>
</testsuite> <!-- com.clientName.EComProject.CartModule.ContinueShoppingNavigationTest -->
