<?xml version="1.0" encoding="UTF-8"?>
<!-- Generated by org.testng.reporters.JUnitReportReporter -->
<testsuite hostname="DESKTOP-NGG3R22" failures="0" tests="1" name="com.clientName.EComProject.SearchModule.VerifyRelevantSerch" time="7.052" errors="0" timestamp="2026-04-02T15:16:23 IST" skipped="0">
  <testcase classname="com.clientName.EComProject.SearchModule.VerifyRelevantSerch" name="onSearchReturnRelevantBook" time="7.052"/>
</testsuite> <!-- com.clientName.EComProject.SearchModule.VerifyRelevantSerch -->
