<?xml version="1.0" encoding="UTF-8"?>
<!-- Generated by org.testng.reporters.JUnitReportReporter -->
<testsuite hostname="DESKTOP-NGG3R22" failures="0" tests="2" name="com.clientName.EComProject.CartModule.CartTest" time="6.411" errors="0" timestamp="2026-04-02T15:34:10 IST" skipped="0">
  <testcase classname="com.clientName.EComProject.CartModule.CartTest" name="searchAndAddToCartTest" time="4.075"/>
  <testcase classname="com.clientName.EComProject.CartModule.CartTest" name="CartPageNavigateTest" time="2.336"/>
</testsuite> <!-- com.clientName.EComProject.CartModule.CartTest -->
