<?xml version="1.0" encoding="UTF-8"?>
<!-- Generated by org.testng.reporters.JUnitXMLReporter -->
<testsuite ignored="6" hostname="DESKTOP-NGG3R22" failures="0" tests="8" name="Test" time="58.638" errors="0" timestamp="2026-04-07T16:19:08 IST">
  <testcase classname="com.clientName.EComProject.UserModule.LoginTest" name="signUpTest" time="1.773"/>
  <testcase classname="com.clientName.EComProject.UserModule.LoginTest" name="UserLogOut" time="2.672"/>
  <testcase classname="com.clientName.EComProject.UserModule.LoginTest" name="UserLoginWithValidCred" time="2.058"/>
  <testcase classname="com.clientName.EComProject.SearchModule.VerifyRelevantSerch" name="onSearchReturnRelevantBook" time="4.723"/>
  <testcase classname="com.clientName.EComProject.CartModule.CartTest" name="CartPageNavigateTest" time="0.381"/>
  <testcase classname="com.clientName.EComProject.CartModule.CartTest" name="searchAndAddToCartTest" time="3.008"/>
  <testcase classname="com.clientName.EComProject.AuthorModule.FilterBy" name="sortByLowToHighPrice" time="16.138"/>
  <testcase classname="com.clientName.EComProject.OrderModule.PlaceOrderTest" name="PlaceOrder" time="2.67"/>
  <testcase classname="com.clientName.EComProject.BaseClass.BaseClass" name="@BeforeSuite beforeSuite" time="0.0">
    <ignored/>
  </testcase> <!-- @BeforeSuite beforeSuite -->
  <testcase classname="com.clientName.EComProject.BaseClass.BaseClass" name="@AfterSuite afterSuite" time="0.0">
    <ignored/>
  </testcase> <!-- @AfterSuite afterSuite -->
  <testcase classname="com.clientName.EComProject.BaseClass.BaseClass" name="@BeforeSuite beforeSuite" time="0.0">
    <ignored/>
  </testcase> <!-- @BeforeSuite beforeSuite -->
  <testcase classname="com.clientName.EComProject.BaseClass.BaseClass" name="@BeforeSuite beforeSuite" time="0.0">
    <ignored/>
  </testcase> <!-- @BeforeSuite beforeSuite -->
  <testcase classname="com.clientName.EComProject.BaseClass.BaseClass" name="@AfterSuite afterSuite" time="0.0">
    <ignored/>
  </testcase> <!-- @AfterSuite afterSuite -->
  <testcase classname="com.clientName.EComProject.BaseClass.BaseClass" name="@AfterSuite afterSuite" time="0.0">
    <ignored/>
  </testcase> <!-- @AfterSuite afterSuite -->
</testsuite> <!-- Test -->
