<?xml version="1.0" encoding="UTF-8"?>
<!-- Generated by org.testng.reporters.JUnitXMLReporter -->
<testsuite ignored="0" hostname="DESKTOP-NGG3R22" failures="1" tests="2" name="Test" time="12.123" errors="0" timestamp="2026-04-01T16:34:46 IST">
  <testcase classname="com.clientName.EComProject.CartModule.CartTest" name="CartPageNavigateTest" time="0.589">
    <failure type="java.lang.AssertionError" message="expected [true] but found [false]">
      <![CDATA[java.lang.AssertionError: expected [true] but found [false]
at com.clientName.EComProject.CartModule.CartTest.CartPageNavigateTest(CartTest.java:30)
at java.base/java.util.ArrayList.forEach(ArrayList.java:1596)
... Removed 29 stack frames]]>
    </failure>
  </testcase> <!-- CartPageNavigateTest -->
  <testcase classname="com.clientName.EComProject.CartModule.CartTest" name="searchAndAddToCartTest" time="2.499"/>
</testsuite> <!-- Test -->
