<?xml version="1.0" encoding="UTF-8"?>
<!-- Generated by org.testng.reporters.JUnitXMLReporter -->
<testsuite ignored="1" hostname="DESKTOP-NGG3R22" failures="0" tests="1" name="Default test" time="13.876" errors="0" timestamp="2026-04-14T12:06:26 IST">
  <testcase classname="com.clientName.EComProject.CartModule.CartTest" name="searchAndAddToCartTest" time="5.608"/>
  <testcase classname="com.clientName.EComProject.CartModule.CartTest" name="CartPageNavigateTest" time="0.0">
    <ignored/>
  </testcase> <!-- CartPageNavigateTest -->
</testsuite> <!-- Default test -->
